Set parameter GURO_PAR_SPECIAL
Set parameter TokenServer to value "license.rc.princeton.edu"
Set parameter BarConvTol to value 0.001
Set parameter Crossover to value 0
Set parameter Method to value 2
Set parameter Method to value 2
Set parameter Crossover to value 0
Set parameter BarConvTol to value 0.001
Gurobi Optimizer version 11.0.3 build v11.0.3rc0 (linux64 - "Red Hat Enterprise Linux 8.10 (Ootpa)")

CPU model: Intel(R) Xeon(R) Gold 6142 CPU @ 2.60GHz, instruction set [SSE2|AVX|AVX2|AVX512]
Thread count: 32 physical cores, 32 logical processors, using up to 32 threads

Optimize a model with 9190556 rows, 5975891 columns and 36964865 nonzeros
Model fingerprint: 0x949e698e
Coefficient statistics:
  Matrix range     [2e-13, 2e+02]
  Objective range  [1e-04, 5e+02]
  Bounds range     [4e-01, 2e+02]
  RHS range        [2e-08, 2e+03]
Warning: Model contains large matrix coefficient range
         Consider reformulating model or setting NumericFocus parameter
         to avoid numerical issues.
Presolve removed 1680708 rows and 1392392 columns (presolve time = 5s) ...
Presolve removed 3280783 rows and 2940000 columns (presolve time = 11s) ...
Presolve removed 3294892 rows and 2954109 columns (presolve time = 16s) ...
Presolve removed 3294892 rows and 2954211 columns (presolve time = 20s) ...
Presolve removed 3321100 rows and 2954211 columns
Presolve time: 23.82s
Presolved: 5869456 rows, 3047888 columns, 28880146 nonzeros
Elapsed ordering time = 5s
Elapsed ordering time = 10s
Ordering time: 13.68s

Barrier statistics:
 Dense cols : 160
 AA' NZ     : 7.960e+07
 Factor NZ  : 2.165e+08 (roughly 5.0 GB of memory)
 Factor Ops : 3.051e+10 (roughly 1 second per iteration)
 Threads    : 32

                  Objective                Residual
Iter       Primal          Dual         Primal    Dual     Compl     Time
   0   8.53791325e+08 -1.46843834e+10  4.26e+04 2.67e+00  5.83e+05    67s
   1   7.71971572e+08 -1.47753725e+10  3.85e+04 1.47e+02  4.15e+05    86s
   2   7.43203984e+08 -1.44591520e+10  3.66e+04 1.03e+02  3.41e+05   106s
   3   6.13897136e+08 -1.53542791e+10  2.87e+04 6.66e+01  2.60e+05   138s
   4   4.85527527e+08 -1.50798489e+10  2.23e+04 4.12e+01  1.93e+05   161s
   5   3.34383925e+08 -1.68088032e+10  1.29e+04 2.05e+01  1.19e+05   192s
   6   1.69919322e+08 -1.57742075e+10  3.18e+03 8.23e+00  3.95e+04   226s
   7   1.23729162e+08 -1.03975016e+10  7.61e+02 1.27e+00  8.94e+03   252s
   8   1.16807199e+08 -4.50758277e+09  1.46e+02 1.06e-01  1.58e+03   274s
   9   1.04975707e+08 -2.38434628e+09  3.62e+01 3.26e-02  5.15e+02   292s
  10   8.40002929e+07 -1.04316868e+09  1.09e+01 1.09e-02  1.84e+02   309s
  11   6.59025361e+07 -5.61460176e+08  5.42e+00 5.61e-03  9.35e+01   327s
  12   4.50799331e+07 -2.63385956e+08  2.58e+00 2.48e-03  4.29e+01   345s
  13   3.06490804e+07 -1.11237738e+08  1.45e+00 9.83e-04  1.91e+01   363s
  14   1.66282758e+07 -5.29904105e+07  6.53e-01 4.36e-04  8.99e+00   381s
  15   7.29683567e+06 -3.13326802e+07  2.16e-01 2.43e-04  4.75e+00   397s
  16   3.60572676e+06 -1.53081656e+07  8.01e-02 1.06e-04  2.28e+00   415s
  17   1.78600377e+06 -6.80607979e+06  2.67e-02 4.60e-05  1.02e+00   433s
  18   9.75823410e+05 -3.16243223e+06  1.00e-02 2.14e-05  4.88e-01   450s
  19   6.64907277e+05 -1.82782953e+06  5.46e-03 1.26e-05  2.94e-01   465s
  20   5.35512102e+05 -1.17562402e+06  4.04e-03 8.24e-06  2.02e-01   483s
  21   4.46409822e+05 -8.62551432e+05  3.09e-03 6.21e-06  1.54e-01   499s
  22   3.44712748e+05 -6.33429104e+05  2.09e-03 4.74e-06  1.15e-01   522s
  23   2.89968467e+05 -3.21568547e+05  1.51e-03 2.80e-06  7.21e-02   544s
  24   2.42840199e+05 -1.15815138e+05  1.04e-03 1.51e-06  4.24e-02   581s
  25   1.96496830e+05 -2.34259410e+04  6.02e-04 9.18e-07  2.60e-02   614s
  26   1.71806727e+05  3.99240451e+04  4.83e-04 5.12e-07  1.56e-02   644s
  27   1.70004346e+05  4.76940736e+04  4.74e-04 4.62e-07  1.45e-02   663s
  28   1.64964657e+05  5.70375832e+04  4.13e-04 3.99e-07  1.28e-02   679s
  29   1.59623151e+05  6.38747933e+04  4.85e-04 3.55e-07  1.13e-02   694s
  30   1.52903354e+05  6.74630893e+04  4.19e-04 3.30e-07  1.01e-02   716s
  31   1.49946313e+05  7.31802722e+04  1.72e-03 2.93e-07  9.08e-03   751s
  32   1.46895940e+05  7.32977606e+04  3.17e+00 2.92e-07  8.70e-03   787s
  33   1.43935494e+05  7.89856199e+04  2.85e+00 2.56e-07  7.68e-03   816s
  34   1.42032266e+05  8.44515123e+04  2.65e+00 2.21e-07  6.81e-03   853s
  35   1.39207677e+05  8.98626783e+04  2.35e+00 1.86e-07  5.84e-03   888s
  36   1.35868463e+05  9.29947264e+04  2.00e+00 1.65e-07  5.07e-03   926s
  37   1.32915177e+05  9.53347262e+04  1.69e+00 1.49e-07  4.44e-03   963s
  38   1.30145107e+05  9.70568474e+04  1.41e+00 1.36e-07  3.91e-03   996s
  39   1.28909516e+05  9.94877033e+04  1.29e+00 1.19e-07  3.48e-03  1036s
  40   1.27024874e+05  1.00542637e+05  1.11e+00 1.12e-07  3.13e-03  1073s
  41   1.26263683e+05  1.00809548e+05  1.04e+00 1.10e-07  3.01e-03  1093s
  42   1.25153191e+05  1.03569189e+05  9.38e-01 8.89e-08  2.55e-03  1118s
  43   1.23369450e+05  1.04143413e+05  7.76e-01 8.45e-08  2.27e-03  1148s
  44   1.22827168e+05  1.05141888e+05  7.28e-01 7.68e-08  2.09e-03  1182s
  45   1.21924173e+05  1.06976619e+05  6.48e-01 6.21e-08  1.77e-03  1217s
  46   1.21081658e+05  1.07732121e+05  5.76e-01 5.57e-08  1.58e-03  1248s
  47   1.19977100e+05  1.08381433e+05  4.84e-01 5.03e-08  1.37e-03  1280s
  48   1.19283281e+05  1.09260101e+05  4.27e-01 4.30e-08  1.18e-03  1318s
  49   1.18699166e+05  1.10165653e+05  3.79e-01 3.49e-08  1.01e-03  1350s
  50   1.18108574e+05  1.10630190e+05  3.33e-01 3.06e-08  8.84e-04  1381s
  51   1.17563716e+05  1.10867366e+05  2.91e-01 2.85e-08  7.92e-04  1406s
  52   1.16882198e+05  1.11217292e+05  2.38e-01 2.53e-08  6.69e-04  1434s
  53   1.16247189e+05  1.11380777e+05  1.90e-01 2.38e-08  5.74e-04  1467s
  54   1.15740613e+05  1.11980070e+05  1.51e-01 1.81e-08  4.44e-04  1492s
  55   1.15329479e+05  1.12185045e+05  1.20e-01 1.62e-08  3.71e-04  1520s
  56   1.15065981e+05  1.12278367e+05  1.01e-01 1.52e-08  3.29e-04  1551s
  57   1.14852183e+05  1.12706511e+05  8.58e-02 1.06e-08  2.53e-04  1582s
  58   1.14554632e+05  1.12895082e+05  6.49e-02 8.59e-09  1.96e-04  1619s
  59   1.14424952e+05  1.12992086e+05  5.60e-02 7.46e-09  1.69e-04  1647s
  60   1.14329468e+05  1.13019825e+05  4.96e-02 7.16e-09  1.54e-04  1687s
  61   1.14233197e+05  1.13128465e+05  4.28e-02 5.92e-09  1.30e-04  1716s
  62   1.14053614e+05  1.13249404e+05  3.08e-02 4.52e-09  9.49e-05  1744s
  63   1.13936836e+05  1.13305717e+05  2.32e-02 3.85e-09  7.44e-05  1775s
  64   1.13875831e+05  1.13344233e+05  1.93e-02 3.36e-09  6.26e-05  1822s
  65   1.13826592e+05  1.13382456e+05  1.62e-02 2.85e-09  5.23e-05  1852s
  66   1.13786901e+05  1.13405215e+05  1.36e-02 2.51e-09  4.49e-05  1894s
  67   1.13762610e+05  1.13449912e+05  1.21e-02 1.81e-09  3.68e-05  1918s
  68   1.13723826e+05  1.13463429e+05  9.68e-03 1.62e-09  3.06e-05  1951s
  69   1.13704239e+05  1.13493403e+05  8.46e-03 1.14e-09  2.48e-05  1983s
  70   1.13693098e+05  1.13499814e+05  7.78e-03 1.05e-09  2.27e-05  2009s
  71   1.13680802e+05  1.13502133e+05  7.05e-03 1.01e-09  2.10e-05  2043s
  72   1.13652432e+05  1.13515830e+05  5.32e-03 7.82e-10  1.60e-05  2075s
  73   1.13643817e+05  1.13526891e+05  4.79e-03 5.91e-10  1.37e-05  2108s
  74   1.13632483e+05  1.13531464e+05  4.11e-03 5.26e-10  1.18e-05  2143s
  75   1.13622028e+05  1.13536907e+05  3.49e-03 4.44e-10  9.89e-06  2174s

Barrier solved model in 75 iterations and 2174.07 seconds (358.51 work units)
Optimal objective 1.13622028e+05


User-callback calls 115125, time in user-callback 0.11 sec
  Activating project at `~/Macro`
[ Info: Loading JSON data from /home/al3792/Macro/ExampleSystems/three_zones_cement/system_data.json
[ Info: Loading JSON data from /home/al3792/Macro/ExampleSystems/three_zones_cement/system_data.json
[ Info: Loading JSON data from system/nodes.json
[ Info: Loading CSV data from system/fuel_prices.csv
[ Info: Loading CSV data from system/fuel_prices.csv
[ Info: Loading CSV data from system/fuel_prices.csv
[ Info: Loading CSV data from system/fuel_prices.csv
[ Info: Loading CSV data from system/demand.csv
[ Info: Loading CSV data from system/demand.csv
[ Info: Loading CSV data from system/demand.csv
[ Info: Loading CSV data from system/demand.csv
[ Info: Loading CSV data from system/demand.csv
[ Info: Loading CSV data from system/demand.csv
[ Info: Loading JSON data from assets/beccs_electricity.json
[ Info: Loading CSV data from assets/availability.csv
[ Info: Loading CSV data from assets/availability.csv
[ Info: Loading JSON data from assets/beccs_hydrogen.json
[ Info: Loading CSV data from assets/availability.csv
[ Info: Loading CSV data from assets/availability.csv
[ Info: Loading JSON data from assets/cementplant.json
[ Info: Loading JSON data from assets/electricdac.json
[ Info: Loading CSV data from assets/availability.csv
[ Info: Loading CSV data from assets/availability.csv
[ Info: Loading JSON data from assets/electricity_stor.json
[ Info: Loading JSON data from assets/electrolyzer.json
[ Info: Loading JSON data from assets/h2gas_power_ccgt.json
[ Info: Loading CSV data from assets/availability.csv
[ Info: Loading CSV data from assets/availability.csv
[ Info: Loading JSON data from assets/h2gas_power_ocgt.json
[ Info: Loading CSV data from assets/availability.csv
[ Info: Loading CSV data from assets/availability.csv
[ Info: Loading JSON data from assets/h2pipelines_bidirectional.json
[ Info: Loading JSON data from assets/h2storage.json
[ Info: Loading JSON data from assets/h2trucks_pipelines.json
[ Info: Loading JSON data from assets/hydropower.json
[ Info: Loading CSV data from assets/availability.csv
[ Info: Loading CSV data from assets/availability.csv
[ Info: Loading JSON data from assets/mustrun.json
[ Info: Loading CSV data from assets/availability.csv
[ Info: Loading CSV data from assets/availability.csv
[ Info: Loading JSON data from assets/natgasdac.json
[ Info: Loading CSV data from assets/availability.csv
[ Info: Loading CSV data from assets/availability.csv
[ Info: Loading CSV data from assets/availability.csv
[ Info: Loading CSV data from assets/availability.csv
[ Info: Loading JSON data from assets/naturalgas_h2_atr_ccs.json
[ Info: Loading CSV data from assets/availability.csv
[ Info: Loading CSV data from assets/availability.csv
[ Info: Loading JSON data from assets/naturalgas_h2_smr.json
[ Info: Loading CSV data from assets/availability.csv
[ Info: Loading CSV data from assets/availability.csv
[ Info: Loading JSON data from assets/naturalgas_h2_smr_ccs.json
[ Info: Loading CSV data from assets/availability.csv
[ Info: Loading CSV data from assets/availability.csv
[ Info: Loading JSON data from assets/naturalgas_power.json
[ Info: Loading JSON data from assets/naturalgas_power_ccs.json
[ Info: Loading JSON data from assets/nuclear_power.json
[ Info: Loading JSON data from assets/powerlines.json
[ Info: Loading JSON data from assets/vre.json
[ Info: Loading CSV data from assets/availability.csv
[ Info: Loading CSV data from assets/availability.csv
[ Info: Loading CSV data from assets/availability.csv
[ Info: Loading CSV data from assets/availability.csv
[ Info: Scaling system data to GWh | ktons | M$
[ Info: Starting model generation
[ Info: Adding linking variables
[ Info: Defining available capacity
[ Info: Generating planning model
[ Info: Generating operational model
[ Info: Model generation complete, it took 126.93263816833496 seconds
###### ###### ######
Running case at /home/al3792/Macro/ExampleSystems/three_zones_cement
system.settings.Scaling = true


